<?xml version="1.0" encoding="UTF-8"?>
<!-- Generated by org.testng.reporters.JUnitXMLReporter -->
<testsuite hostname="CHARAN" name="Test" tests="3" failures="0" timestamp="1 May 2021 16:30:58 GMT" time="97.477" errors="0">
  <testcase name="basePageNavigation" time="4.284" classname="Academy.E2EProject.HomePage"/>
  <testcase name="basePageNavigation" time="2.281" classname="Academy.E2EProject.HomePage"/>
  <testcase name="basePageNavigation" time="0.232" classname="Academy.E2EProject.validateHome"/>
</testsuite> <!-- Test -->
