<?xml version="1.0" encoding="UTF-8"?>
<!-- Generated by org.testng.reporters.JUnitXMLReporter -->
<testsuite hostname="CHARAN" name="validateHome" tests="2" failures="1" timestamp="5 May 2021 15:59:34 GMT" time="22.438" errors="0">
  <testcase name="basePageNavigation" time="0.217" classname="Academy.E2EProject.validateHome"/>
  <testcase name="validateHeader" time="0.067" classname="Academy.E2EProject.validateHome">
    <failure type="java.lang.AssertionError" message="expected [An Academy to learn Everything about Testing] but found [AN ACADEMY TO LEARN EVERYTHING ABOUT TESTING]">
      <![CDATA[java.lang.AssertionError: expected [An Academy to learn Everything about Testing] but found [AN ACADEMY TO LEARN EVERYTHING ABOUT TESTING]
	at Academy.E2EProject.validateHome.validateHeader(validateHome.java:58)
... Removed 29 stack frames]]>
    </failure>
  </testcase> <!-- validateHeader -->
</testsuite> <!-- validateHome -->
